0 info it worked if it ends with ok
1 verbose cli [ '/usr/local/bin/node', '/usr/local/bin/npm', 'run', 'test' ]
2 info using npm@3.10.10
3 info using node@v6.9.4
4 verbose run-script [ 'pretest', 'test', 'posttest' ]
5 info lifecycle expensify@1.0.0~pretest: expensify@1.0.0
6 silly lifecycle expensify@1.0.0~pretest: no script for pretest, continuing
7 info lifecycle expensify@1.0.0~test: expensify@1.0.0
8 verbose lifecycle expensify@1.0.0~test: unsafe-perm in lifecycle true
9 verbose lifecycle expensify@1.0.0~test: PATH: /usr/local/lib/node_modules/npm/bin/node-gyp-bin:/Users/nellodandrea/devroot/react/expensify-app/node_modules/.bin:/usr/local/bin:/usr/bin:/bin:/usr/sbin:/sbin:/opt/X11/bin:/Library/Frameworks/Mono.framework/Versions/Current/Commands:/Users/nellodandrea/Library/Android/sdk/tools:/Users/nellodandrea/Library/Android/sdk/platform-tools:/Users/nellodandrea/Library/Android/sdk/tools:/Users/nellodandrea/Library/Android/sdk/platform-tools
10 verbose lifecycle expensify@1.0.0~test: CWD: /Users/nellodandrea/devroot/react/expensify-app
11 silly lifecycle expensify@1.0.0~test: Args: [ '-c', 'jest --config jest.config.json' ]
12 silly lifecycle expensify@1.0.0~test: Returned: code: 1  signal: null
13 info lifecycle expensify@1.0.0~test: Failed to exec test script
14 verbose stack Error: expensify@1.0.0 test: `jest --config jest.config.json`
14 verbose stack Exit status 1
14 verbose stack     at EventEmitter.<anonymous> (/usr/local/lib/node_modules/npm/lib/utils/lifecycle.js:255:16)
14 verbose stack     at emitTwo (events.js:106:13)
14 verbose stack     at EventEmitter.emit (events.js:191:7)
14 verbose stack     at ChildProcess.<anonymous> (/usr/local/lib/node_modules/npm/lib/utils/spawn.js:40:14)
14 verbose stack     at emitTwo (events.js:106:13)
14 verbose stack     at ChildProcess.emit (events.js:191:7)
14 verbose stack     at maybeClose (internal/child_process.js:877:16)
14 verbose stack     at Process.ChildProcess._handle.onexit (internal/child_process.js:226:5)
15 verbose pkgid expensify@1.0.0
16 verbose cwd /Users/nellodandrea/devroot/react/expensify-app
17 error Darwin 16.7.0
18 error argv "/usr/local/bin/node" "/usr/local/bin/npm" "run" "test"
19 error node v6.9.4
20 error npm  v3.10.10
21 error code ELIFECYCLE
22 error expensify@1.0.0 test: `jest --config jest.config.json`
22 error Exit status 1
23 error Failed at the expensify@1.0.0 test script 'jest --config jest.config.json'.
23 error Make sure you have the latest version of node.js and npm installed.
23 error If you do, this is most likely a problem with the expensify package,
23 error not with npm itself.
23 error Tell the author that this fails on your system:
23 error     jest --config jest.config.json
23 error You can get information on how to open an issue for this project with:
23 error     npm bugs expensify
23 error Or if that isn't available, you can get their info via:
23 error     npm owner ls expensify
23 error There is likely additional logging output above.
24 verbose exit [ 1, true ]
